[LOG] System::create                           : Header version = 1.10.09. Current version = 1.10.09.
[LOG] Manager::init                            : maxchannels = 256 studioflags = 00000006 flags 00000000 extradriverdata 0000000000000000.
[LOG] SystemI::init                            : Initialize version=11009 (97915), maxchannels=256, flags=0x00020000
[LOG] SystemI::setOutputInternal               : Setting output to 'FMOD WASAPI Output'
[LOG] OutputWASAPI::init                       : Mix Format (WAVEFORMATEX): wFormatTag=0xFFFE, nChannels=2, nSamplesPerSec=48000, nAvgBytesPerSec=384000, nBlockAlign=8, wBitsPerSample=32, cbSize=22.
[LOG] OutputWASAPI::init                       : Mix Format (WAVEFORMATEXTENSIBLE): wValidBitsPerSample=32, dwChannelMask=0x00000003, SubFormat=00000003-0000-0010-8000-00AA00389B71.
[LOG] OutputWASAPI::init                       : Output buffer size: 4096 samples, latency: 0.00ms, period: 10.00ms, DSP buffer: 1024 * 4
[LOG] Thread::initThread                       : Init FMOD stream thread. Priority: 2, Stack Size: 65536, Semaphore: No, Sleep Time: 10, Looping: Yes.
[LOG] Thread::initThread                       : Init FMOD mixer thread. Priority: 3, Stack Size: 49152, Semaphore: No, Sleep Time: 0, Looping: Yes.
[LOG] AsyncManager::init                       : manager 0000000050DA1428 isAsync 0 updatePeriod 0.02
[LOG] AsyncManager::init                       : done
[LOG] PlaybackSystem::init                     : 
[LOG] Thread::initThread                       : Init FMOD Studio sample load thread. Priority: 0, Stack Size: 65536, Semaphore: No, Sleep Time: 1, Looping: No.
[LOG] PlaybackSystem::init                     : done
[LOG] Thread::initThread                       : Init FMOD Studio bank load thread. Priority: 0, Stack Size: 65536, Semaphore: No, Sleep Time: 1, Looping: No.
[LOG] Manager::init                            : done.
[LOG] Manager::readBank                        : fileversion = 100, compatVersion = 99 (oldest = 44, newest = 101)
[LOG] SystemI::createSoundInternal             : Create name='', mode=0x02000202
[LOG] SystemI::createSoundInternal             : exinfo->cbsize             = 232
[LOG] SystemI::createSoundInternal             : exinfo->length             = 13102848
[LOG] SystemI::createSoundInternal             : exinfo->fileoffset         = 26944
[LOG] SystemI::createSoundInternal             : exinfo->numsubsounds       = 1
[LOG] SystemI::createSoundInternal             : exinfo->inclusionlist      = 000000007D01F5FC
[LOG] SystemI::createSoundInternal             : exinfo->inclusionlistnum   = 1
[LOG] SystemI::createSoundInternal             : exinfo->suggestedsoundtype = 5
[LOG] SystemI::createSoundInternal             : exinfo->useropen           = 00007FFE26081220
[LOG] SystemI::createSoundInternal             : exinfo->userclose          = 00007FFE260811F0
[LOG] SystemI::createSoundInternal             : exinfo->userread           = 00007FFE260812F0
[LOG] SystemI::createSoundInternal             : exinfo->userseek           = 00007FFE260813B0
[LOG] SystemI::createSoundInternal             : exinfo->fileuserdata       = 00000000517E8498
[LOG] SystemI::createSoundInternal             : exinfo->initialseekpostype = 1
[LOG] SystemI::DSPCodecPoolRegister            : register codec pool for pool type 5
[LOG] SystemI::createSoundInternal             : Sample 0/1: name='Dress_Shoe_Run_on_Concrete', format=2, channels=2, frequency=48000, lengthbytes=34176, lengthpcm=164257, pcmblocksize=0, loopstart=0, loopend=0, mode=0x00000000, channelmask=0x00000000, channelorder=0, peakvolume=0.417175.
[LOG] SystemI::createSoundInternal             : Create name='', mode=0x02000202
[LOG] SystemI::createSoundInternal             : exinfo->cbsize             = 232
[LOG] SystemI::createSoundInternal             : exinfo->length             = 13102848
[LOG] SystemI::createSoundInternal             : exinfo->fileoffset         = 26944
[LOG] SystemI::createSoundInternal             : exinfo->numsubsounds       = 1
[LOG] SystemI::createSoundInternal             : exinfo->inclusionlist      = 000000007D01F5FC
[LOG] SystemI::createSoundInternal             : exinfo->inclusionlistnum   = 1
[LOG] SystemI::createSoundInternal             : exinfo->suggestedsoundtype = 5
[LOG] SystemI::createSoundInternal             : exinfo->useropen           = 00007FFE26081220
[LOG] SystemI::createSoundInternal             : exinfo->userclose          = 00007FFE260811F0
[LOG] SystemI::createSoundInternal             : exinfo->userread           = 00007FFE260812F0
[LOG] SystemI::createSoundInternal             : exinfo->userseek           = 00007FFE260813B0
[LOG] SystemI::createSoundInternal             : exinfo->fileuserdata       = 00000000517E9308
[LOG] SystemI::createSoundInternal             : exinfo->initialseekpostype = 1
[LOG] SystemI::DSPCodecPoolRegister            : register codec pool for pool type 5
[LOG] SystemI::createSoundInternal             : Sample 0/1: name='Dress_Shoe_Jog_on_Wood', format=2, channels=2, frequency=48000, lengthbytes=43040, lengthpcm=214413, pcmblocksize=0, loopstart=0, loopend=0, mode=0x00000000, channelmask=0x00000000, channelorder=0, peakvolume=0.565918.
[LOG] Manager::readBank                        : fileversion = 100, compatVersion = 99 (oldest = 44, newest = 101)
[LOG] SystemI::createSoundInternal             : Create name='', mode=0x02000202
[LOG] SystemI::createSoundInternal             : exinfo->cbsize             = 232
[LOG] SystemI::createSoundInternal             : exinfo->length             = 13102848
[LOG] SystemI::createSoundInternal             : exinfo->fileoffset         = 26944
[LOG] SystemI::createSoundInternal             : exinfo->numsubsounds       = 1
[LOG] SystemI::createSoundInternal             : exinfo->inclusionlist      = 000000007D01F5FC
[LOG] SystemI::createSoundInternal             : exinfo->inclusionlistnum   = 1
[LOG] SystemI::createSoundInternal             : exinfo->suggestedsoundtype = 5
[LOG] SystemI::createSoundInternal             : exinfo->useropen           = 00007FFE26081220
[LOG] SystemI::createSoundInternal             : exinfo->userclose          = 00007FFE260811F0
[LOG] SystemI::createSoundInternal             : exinfo->userread           = 00007FFE260812F0
[LOG] SystemI::createSoundInternal             : exinfo->userseek           = 00007FFE260813B0
[LOG] SystemI::createSoundInternal             : exinfo->fileuserdata       = 00000000517EB618
[LOG] SystemI::createSoundInternal             : exinfo->initialseekpostype = 1
[LOG] SystemI::DSPCodecPoolRegister            : register codec pool for pool type 5
[LOG] SystemI::createSoundInternal             : Sample 0/1: name='Laser_Gun', format=2, channels=2, frequency=48000, lengthbytes=96864, lengthpcm=376163, pcmblocksize=0, loopstart=0, loopend=0, mode=0x00000000, channelmask=0x00000000, channelorder=0, peakvolume=0.435333.
[LOG] SystemI::createSoundInternal             : Create name='', mode=0x02000202
[LOG] SystemI::createSoundInternal             : exinfo->cbsize             = 232
[LOG] SystemI::createSoundInternal             : exinfo->length             = 13102848
[LOG] SystemI::createSoundInternal             : exinfo->fileoffset         = 26944
[LOG] SystemI::createSoundInternal             : exinfo->numsubsounds       = 1
[LOG] SystemI::createSoundInternal             : exinfo->inclusionlist      = 000000007D01F5FC
[LOG] SystemI::createSoundInternal             : exinfo->inclusionlistnum   = 1
[LOG] SystemI::createSoundInternal             : exinfo->suggestedsoundtype = 5
[LOG] SystemI::createSoundInternal             : exinfo->useropen           = 00007FFE26081220
[LOG] SystemI::createSoundInternal             : exinfo->userclose          = 00007FFE260811F0
[LOG] SystemI::createSoundInternal             : exinfo->userread           = 00007FFE260812F0
[LOG] SystemI::createSoundInternal             : exinfo->userseek           = 00007FFE260813B0
[LOG] SystemI::createSoundInternal             : exinfo->fileuserdata       = 00000000517EB618
[LOG] SystemI::createSoundInternal             : exinfo->initialseekpostype = 1
[LOG] SystemI::DSPCodecPoolRegister            : register codec pool for pool type 5
[LOG] SystemI::createSoundInternal             : Sample 0/1: name='Rifle_Shot_Echo', format=2, channels=2, frequency=48000, lengthbytes=80576, lengthpcm=329769, pcmblocksize=0, loopstart=0, loopend=0, mode=0x00000000, channelmask=0x00000000, channelorder=0, peakvolume=0.645905.
[LOG] Manager::readBank                        : fileversion = 100, compatVersion = 99 (oldest = 44, newest = 101)
[LOG] Manager::readBank                        : fileversion = 100, compatVersion = 99 (oldest = 44, newest = 101)
[LOG] SystemI::createSound                     : filename = FMOD\Recall\Build\Desktop/Master Bank.bank : mode 02010082
[LOG] SystemI::createSound                     : FMOD_NONBLOCKING specified.  Putting into queue to be opened asynchronously!
[LOG] SystemI::createSound                     : setdata soundi = 000000001A842338 : node = 00000000108D3A30
[LOG] SystemI::createSound                     : add node to async list : head = 000000005163BFF8.  list count = 0
[LOG] SystemI::createSound                     : filename = FMOD\Recall\Build\Desktop/Master Bank.bank : mode 02010082
[LOG] SystemI::createSound                     : FMOD_NONBLOCKING specified.  Putting into queue to be opened asynchronously!
[LOG] SystemI::createSound                     : setdata soundi = 000000001A8424E8 : node = 00000000108D2BC0
[LOG] AsyncThread::threadFunc                  : Starting Asynchronous operation on sound 000000001A842338
[LOG] SystemI::createSound                     : add node to async list : head = 000000005163BFF8.  list count = 0
[LOG] SystemI::createSoundInternal             :     Create name='FMOD\Recall\Build\Desktop/Master Bank.bank', mode=0x02010082
[LOG] SystemI::createSoundInternal             :     exinfo->cbsize             = 232
[LOG] SystemI::createSoundInternal             :     exinfo->length             = 13102848
[LOG] SystemI::createSoundInternal             :     exinfo->fileoffset         = 26944
[LOG] SystemI::createSoundInternal             :     exinfo->numsubsounds       = 1
[LOG] SystemI::createSoundInternal             :     exinfo->inclusionlist      = 00000000108D3B48
[LOG] SystemI::createSoundInternal             :     exinfo->inclusionlistnum   = 1
[LOG] SystemI::createSoundInternal             :     exinfo->suggestedsoundtype = 5
[LOG] SystemI::createSoundInternal             :     exinfo->initialseekposition = 6000
[LOG] SystemI::createSoundInternal             :     exinfo->initialseekpostype = 1
[LOG] SystemI::createSoundInternal             :     Stream 0/1: name='Numb_Limb_Lips', format=2, channels=2, frequency=48000, lengthbytes=2078272, lengthpcm=7683761, pcmblocksize=0, loopstart=0, loopend=0, mode=0x00000000, channelmask=0x00000000, channelorder=0, peakvolume=0.863647.
[LOG] AsyncThread::threadFunc                  : Finished Asynchronous operation on sound 000000001A842338
[LOG] AsyncThread::threadFunc                  : Starting Asynchronous operation on sound 000000001A8424E8
[LOG] SystemI::createSoundInternal             :     Create name='FMOD\Recall\Build\Desktop/Master Bank.bank', mode=0x02010082
[LOG] SystemI::createSoundInternal             :     exinfo->cbsize             = 232
[LOG] SystemI::createSoundInternal             :     exinfo->length             = 13102848
[LOG] SystemI::createSoundInternal             :     exinfo->fileoffset         = 26944
[LOG] SystemI::createSoundInternal             :     exinfo->numsubsounds       = 1
[LOG] SystemI::createSoundInternal             :     exinfo->inclusionlist      = 00000000108D2CD8
[LOG] SystemI::createSoundInternal             :     exinfo->inclusionlistnum   = 1
[LOG] SystemI::createSoundInternal             :     exinfo->suggestedsoundtype = 5
[LOG] SystemI::createSoundInternal             :     exinfo->initialseekposition = 6000
[LOG] SystemI::createSoundInternal             :     exinfo->initialseekpostype = 1
[LOG] SystemI::createSoundInternal             :     Stream 0/1: name='Numb_Limb_Lips', format=2, channels=2, frequency=48000, lengthbytes=2078272, lengthpcm=7683761, pcmblocksize=0, loopstart=0, loopend=0, mode=0x00000000, channelmask=0x00000000, channelorder=0, peakvolume=0.863647.
[LOG] AsyncThread::threadFunc                  : Finished Asynchronous operation on sound 000000001A8424E8
[LOG] SoundI::release                          : Numb_Limb_Lips (000000001A8424E8)
[LOG] SoundI::release                          :     Numb_Limb_Lips (000000005163BD08)
[LOG] SoundI::release                          :     Numb_Limb_Lips (000000001A843418)
[LOG] SystemI::createSound                     : filename = FMOD\Recall\Build\Desktop/Master Bank.bank : mode 02010082
[LOG] SystemI::createSound                     : FMOD_NONBLOCKING specified.  Putting into queue to be opened asynchronously!
[LOG] SystemI::createSound                     : setdata soundi = 000000001A8424E8 : node = 00000000108D2D10
[LOG] SystemI::createSound                     : add node to async list : head = 000000005163BFF8.  list count = 0
[LOG] SoundI::release                          : Numb_Limb_Lips (000000001A842338)
[LOG] SoundI::release                          :     Numb_Limb_Lips (000000005163BB68)
[LOG] SoundI::release                          :     Numb_Limb_Lips (000000001A841C78)
[LOG] AsyncThread::threadFunc                  : Starting Asynchronous operation on sound 000000001A8424E8
[LOG] SystemI::createSoundInternal             :     Create name='FMOD\Recall\Build\Desktop/Master Bank.bank', mode=0x02010082
[LOG] SystemI::createSoundInternal             :     exinfo->cbsize             = 232
[LOG] SystemI::createSoundInternal             :     exinfo->length             = 13102848
[LOG] SystemI::createSoundInternal             :     exinfo->fileoffset         = 26944
[LOG] SystemI::createSoundInternal             :     exinfo->numsubsounds       = 1
[LOG] SystemI::createSoundInternal             :     exinfo->inclusionlist      = 00000000108D2E28
[LOG] SystemI::createSoundInternal             :     exinfo->inclusionlistnum   = 1
[LOG] SystemI::createSoundInternal             :     exinfo->suggestedsoundtype = 5
[LOG] SystemI::createSoundInternal             :     exinfo->initialseekposition = 6000
[LOG] SystemI::createSoundInternal             :     exinfo->initialseekpostype = 1
[LOG] SystemI::createSoundInternal             :     Stream 0/1: name='Numb_Limb_Lips', format=2, channels=2, frequency=48000, lengthbytes=2078272, lengthpcm=7683761, pcmblocksize=0, loopstart=0, loopend=0, mode=0x00000000, channelmask=0x00000000, channelorder=0, peakvolume=0.863647.
[LOG] AsyncThread::threadFunc                  : Finished Asynchronous operation on sound 000000001A8424E8
[LOG] SoundI::getSubSound                      : sound 000000001A8424E8.  Subsound index 0 / 1
[LOG] SoundI::release                          : Shibuya (000000001A841FD8)
[LOG] SoundI::release                          :     Shibuya (000000005163CD48)
[LOG] SoundI::release                          :     Shibuya (000000001A8429F8)
[LOG] Manager::readBank                        : fileversion = 100, compatVersion = 99 (oldest = 44, newest = 101)
[LOG] Manager::readBank                        : fileversion = 100, compatVersion = 99 (oldest = 44, newest = 101)
[LOG] Manager::readBank                        : fileversion = 100, compatVersion = 99 (oldest = 44, newest = 101)
[LOG] Manager::readBank                        : fileversion = 100, compatVersion = 99 (oldest = 44, newest = 101)
[LOG] Manager::readBank                        : fileversion = 100, compatVersion = 99 (oldest = 44, newest = 101)
[LOG] Manager::readBank                        : fileversion = 100, compatVersion = 99 (oldest = 44, newest = 101)
[LOG] Manager::readBank                        : fileversion = 100, compatVersion = 99 (oldest = 44, newest = 101)
[LOG] Manager::readBank                        : fileversion = 100, compatVersion = 99 (oldest = 44, newest = 101)
[LOG] Manager::readBank                        : fileversion = 100, compatVersion = 99 (oldest = 44, newest = 101)
[LOG] Manager::readBank                        : fileversion = 100, compatVersion = 99 (oldest = 44, newest = 101)
[LOG] Manager::readBank                        : fileversion = 100, compatVersion = 99 (oldest = 44, newest = 101)
[LOG] SoundI::release                          : Numb_Limb_Lips (000000001A8424E8)
[LOG] SoundI::release                          :     Numb_Limb_Lips (000000005163BB68)
[LOG] SoundI::release                          :     Numb_Limb_Lips (000000001A842F08)
[LOG] Manager::readBank                        : fileversion = 100, compatVersion = 99 (oldest = 44, newest = 101)
[LOG] Manager::readBank                        : fileversion = 100, compatVersion = 99 (oldest = 44, newest = 101)
[LOG] Manager::readBank                        : fileversion = 100, compatVersion = 99 (oldest = 44, newest = 101)
[LOG] SystemI::createSound                     : filename = FMOD\Recall\Build\Desktop/Master Bank.bank : mode 02010082
[LOG] SystemI::createSound                     : FMOD_NONBLOCKING specified.  Putting into queue to be opened asynchronously!
[LOG] SystemI::createSound                     : setdata soundi = 000000001A8424E8 : node = 00000000108D3250
[LOG] SystemI::createSound                     : add node to async list : head = 000000005163BFF8.  list count = 0
[LOG] SystemI::createSound                     : filename = FMOD\Recall\Build\Desktop/Master Bank.bank : mode 02010082
[LOG] SystemI::createSound                     : FMOD_NONBLOCKING specified.  Putting into queue to be opened asynchronously!
[LOG] SystemI::createSound                     : setdata soundi = 000000001A843418 : node = 00000000108D2FB0
[LOG] SystemI::createSound                     : add node to async list : head = 000000005163BFF8.  list count = 0
[LOG] AsyncThread::threadFunc                  : Starting Asynchronous operation on sound 000000001A8424E8
[LOG] SystemI::createSoundInternal             :     Create name='FMOD\Recall\Build\Desktop/Master Bank.bank', mode=0x02010082
[LOG] SystemI::createSound                     :     filename = FMOD\Recall\Build\Desktop/Master Bank.bank : mode 02010082
[LOG] SystemI::createSoundInternal             :     exinfo->cbsize             = 232
[LOG] SystemI::createSound                     :     FMOD_NONBLOCKING specified.  Putting into queue to be opened asynchronously!
[LOG] SystemI::createSoundInternal             :     exinfo->length             = 13102848
[LOG] SystemI::createSound                     :     setdata soundi = 000000001A841C78 : node = 00000000108D2BC0
[LOG] SystemI::createSoundInternal             :     exinfo->fileoffset         = 26944
[LOG] SystemI::createSound                     :     add node to async list : head = 000000005163BFF8.  list count = 1
[LOG] SystemI::createSoundInternal             :     exinfo->numsubsounds       = 1
[LOG] SystemI::createSoundInternal             :     exinfo->inclusionlist      = 00000000108D3368
[LOG] SystemI::createSoundInternal             :     exinfo->inclusionlistnum   = 1
[LOG] SystemI::createSoundInternal             :     exinfo->suggestedsoundtype = 5
[LOG] SystemI::createSoundInternal             :     exinfo->initialseekposition = 78600
[LOG] SystemI::createSoundInternal             :     exinfo->initialseekpostype = 1
[LOG] SystemI::createSoundInternal             :     Stream 0/1: name='Shibuya', format=2, channels=2, frequency=48000, lengthbytes=1676480, lengthpcm=5678811, pcmblocksize=0, loopstart=0, loopend=0, mode=0x00000000, channelmask=0x00000000, channelorder=0, peakvolume=0.999969.
[LOG] AsyncThread::threadFunc                  : Finished Asynchronous operation on sound 000000001A8424E8
[LOG] AsyncThread::threadFunc                  : Starting Asynchronous operation on sound 000000001A843418
[LOG] SystemI::createSoundInternal             :     Create name='FMOD\Recall\Build\Desktop/Master Bank.bank', mode=0x02010082
[LOG] SystemI::createSoundInternal             :     exinfo->cbsize             = 232
[LOG] SystemI::createSoundInternal             :     exinfo->length             = 13102848
[LOG] SystemI::createSoundInternal             :     exinfo->fileoffset         = 26944
[LOG] SystemI::createSoundInternal             :     exinfo->numsubsounds       = 1
[LOG] SystemI::createSoundInternal             :     exinfo->inclusionlist      = 00000000108D30C8
[LOG] SystemI::createSoundInternal             :     exinfo->inclusionlistnum   = 1
[LOG] SystemI::createSoundInternal             :     exinfo->suggestedsoundtype = 5
[LOG] SystemI::createSoundInternal             :     exinfo->initialseekposition = 78600
[LOG] SystemI::createSoundInternal             :     exinfo->initialseekpostype = 1
[LOG] SystemI::createSoundInternal             :     Stream 0/1: name='Shibuya', format=2, channels=2, frequency=48000, lengthbytes=1676480, lengthpcm=5678811, pcmblocksize=0, loopstart=0, loopend=0, mode=0x00000000, channelmask=0x00000000, channelorder=0, peakvolume=0.999969.
[LOG] AsyncThread::threadFunc                  : Finished Asynchronous operation on sound 000000001A843418
[LOG] AsyncThread::threadFunc                  : Starting Asynchronous operation on sound 000000001A841C78
[LOG] SystemI::createSoundInternal             :     Create name='FMOD\Recall\Build\Desktop/Master Bank.bank', mode=0x02010082
[LOG] SystemI::createSoundInternal             :     exinfo->cbsize             = 232
[LOG] SystemI::createSoundInternal             :     exinfo->length             = 13102848
[LOG] SystemI::createSoundInternal             :     exinfo->fileoffset         = 26944
[LOG] SystemI::createSoundInternal             :     exinfo->numsubsounds       = 1
[LOG] SystemI::createSoundInternal             :     exinfo->inclusionlist      = 00000000108D2CD8
[LOG] SystemI::createSoundInternal             :     exinfo->inclusionlistnum   = 1
[LOG] SystemI::createSoundInternal             :     exinfo->suggestedsoundtype = 5
[LOG] SystemI::createSoundInternal             :     exinfo->initialseekposition = 78600
[LOG] SystemI::createSoundInternal             :     exinfo->initialseekpostype = 1
[LOG] SystemI::createSoundInternal             :     Stream 0/1: name='Shibuya', format=2, channels=2, frequency=48000, lengthbytes=1676480, lengthpcm=5678811, pcmblocksize=0, loopstart=0, loopend=0, mode=0x00000000, channelmask=0x00000000, channelorder=0, peakvolume=0.999969.
[LOG] AsyncThread::threadFunc                  : Finished Asynchronous operation on sound 000000001A841C78
[LOG] SoundI::release                          : Shibuya (000000001A843418)
[LOG] SoundI::release                          :     Shibuya (000000005163BB68)
[LOG] SoundI::release                          :     Shibuya (000000001A8435C8)
[LOG] SoundI::release                          : Shibuya (000000001A8424E8)
[LOG] SoundI::release                          :     Shibuya (000000005163CD48)
[LOG] SoundI::release                          :     Shibuya (000000001A841FD8)
[LOG] SoundI::getSubSound                      : sound 000000001A841C78.  Subsound index 0 / 1
[LOG] SoundI::release                          : Shibuya (000000001A841C78)
[LOG] SoundI::release                          :     Shibuya (000000005163BD08)
[LOG] SoundI::release                          :     Shibuya (000000001A8429F8)
[LOG] SoundI::release                          :  (0000000050C3D8B8)
[LOG] SoundI::release                          :     Dress_Shoe_Jog_on_Wood (000000005163C868)
[LOG] SoundI::release                          :  (00000000510338E8)
[LOG] SoundI::release                          :     Laser_Gun (000000005163B828)
[LOG] SoundI::release                          :  (00000000611FEA78)
[LOG] SoundI::release                          :     Rifle_Shot_Echo (000000005163B9C8)
[LOG] SoundI::release                          :  (0000000050E86138)
[LOG] SoundI::release                          :     Dress_Shoe_Run_on_Concrete (000000005163C6C8)
[LOG] Thread::callback                         : FMOD Studio update thread finished.
[LOG] Thread::callback                         : FMOD Studio bank load thread finished.
[LOG] Profile::disconnectAll                   : Profiler disconnecting all clients
[LOG] Thread::callback                         : FMOD Studio sample load thread finished.
[LOG] LiveUpdate::release                      : 
[LOG] LiveUpdate::reset                        : Reset connection (reason Disconnected)
[LOG] Thread::callback                         : FMOD stream thread finished.
[LOG] Thread::callback                         : FMOD mixer thread finished.
[LOG] Profile::disconnectAll                   : Profiler disconnecting all clients
[LOG] SystemI::close                           : Closed.
